Read time: 0.0 Processing time: 2.63 Number of iterations: 1000
Trigger with pagerank: 0.0546606619187
Jet with pagerank: 0.0481221198157
Web with pagerank: 0.03991359447
Patchback with pagerank: 0.0344187264349
Scabs with pagerank: 0.034176790951
SN63 with pagerank: 0.0321543778802
Grin with pagerank: 0.0307896941768
Topless with pagerank: 0.0272182656054
SN4 with pagerank: 0.026555823209
Beescratch with pagerank: 0.0245506912442
Stripes with pagerank: 0.0235373900293
Kringel with pagerank: 0.0234389400922
SN100 with pagerank: 0.0231744868035
Gallatin with pagerank: 0.0227764976959
Haecksel with pagerank: 0.0218208001676
Feather with pagerank: 0.0204435483871
Ripplefluke with pagerank: 0.020017281106
Upbang with pagerank: 0.0187096774194
SN9 with pagerank: 0.0186929199832
DN21 with pagerank: 0.0180587557604
SN96 with pagerank: 0.0179608294931
Number1 with pagerank: 0.0176209677419
TR77 with pagerank: 0.0167741935484
Double with pagerank: 0.0165102639296
Shmuddel with pagerank: 0.0164809384164
PL with pagerank: 0.0158870967742
Bumper with pagerank: 0.0154032258065
DN63 with pagerank: 0.0149366359447
Jonah with pagerank: 0.0145224130708
Beak with pagerank: 0.014452764977
DN16 with pagerank: 0.0143721198157
Zap with pagerank: 0.0143380812736
Fish with pagerank: 0.0141129032258
Zipfel with pagerank: 0.0138196480938
TR99 with pagerank: 0.0134970674487
Oscar with pagerank: 0.0127822580645
TR88 with pagerank: 0.0117741935484
Thumper with pagerank: 0.0115725806452
MN83 with pagerank: 0.0113542103058
Knit with pagerank: 0.0113076036866
Notch with pagerank: 0.0111693548387
Hook with pagerank: 0.011094993716
SN90 with pagerank: 0.0110023041475
Mus with pagerank: 0.0109677419355
TR120 with pagerank: 0.0109447004608
MN105 with pagerank: 0.0108420611646
TSN83 with pagerank: 0.00852534562212
CCL with pagerank: 0.00814516129032
TSN103 with pagerank: 0.00806451612903
Wave with pagerank: 0.00766129032258
MN60 with pagerank: 0.00645789694177
Zig with pagerank: 0.00645161290323
SN89 with pagerank: 0.00529953917051
Vau with pagerank: 0.00513824884793
Whitetip with pagerank: 0.00342741935484
MN23 with pagerank: 0.00322580645161
Quasi with pagerank: 0.00322580645161
SMN5 with pagerank: 0.00322580645161
TR82 with pagerank: 0.00322580645161
Fork with pagerank: 0.00306451612903
Cross with pagerank: 0.00306451612903
Five with pagerank: 0.00306451612903
