Read time: 0.01 Processing time: 4.1 Number of iterations: 1000
Valjean with pagerank: 0.12636335946
Myriel with pagerank: 0.0912337662338
Gavroche with pagerank: 0.0383456953063
Thenardier with pagerank: 0.0333798008111
Javert with pagerank: 0.0323155253837
Fantine with pagerank: 0.0314927003859
Marius with pagerank: 0.0300240830598
MlleGillenormand with pagerank: 0.0254254289798
Mabeuf with pagerank: 0.0218466700763
Cosette with pagerank: 0.0200716965777
Fauchelevent with pagerank: 0.0198433919022
Gillenormand with pagerank: 0.0195812731356
MmeThenardier with pagerank: 0.0191925654559
Eponine with pagerank: 0.0160397010713
Enjolras with pagerank: 0.0156974831288
Courfeyrac with pagerank: 0.0144591225589
Tholomyes with pagerank: 0.0137742230428
Bossuet with pagerank: 0.0137212240937
MmeBurgon with pagerank: 0.0135182998819
Bahorel with pagerank: 0.0133216236941
Joly with pagerank: 0.0133216236941
Bamatabois with pagerank: 0.0128304048892
Listolier with pagerank: 0.0117254174397
Fameuil with pagerank: 0.0117254174397
Blacheville with pagerank: 0.0117254174397
Favourite with pagerank: 0.0117254174397
Dahlia with pagerank: 0.0117254174397
Zephine with pagerank: 0.0117254174397
Combeferre with pagerank: 0.0115633170657
Feuilly with pagerank: 0.0115633170657
Grantaire with pagerank: 0.0114490704101
Claquesous with pagerank: 0.0112519346582
Gueulemer with pagerank: 0.0110040007739
Babet with pagerank: 0.0110040007739
Judge with pagerank: 0.0108766233766
Champmathieu with pagerank: 0.0108766233766
Brevet with pagerank: 0.0108766233766
Chenildieu with pagerank: 0.0108766233766
Cochepaille with pagerank: 0.0108766233766
Montparnasse with pagerank: 0.00981155685415
Prouvaire with pagerank: 0.00964944146762
Simplice with pagerank: 0.00893430099312
Pontmercy with pagerank: 0.00848855092276
Brujon with pagerank: 0.00842827626919
Child1 with pagerank: 0.00767414403778
Child2 with pagerank: 0.00767414403778
MmeHucheloup with pagerank: 0.00752429388793
Jondrette with pagerank: 0.00714285714286
MmePontmercy with pagerank: 0.00686456400742
MlleBaptistine with pagerank: 0.00668831168831
MmeMagloire with pagerank: 0.00668831168831
LtGillenormand with pagerank: 0.00631596701316
Perpetue with pagerank: 0.005
MotherInnocent with pagerank: 0.00454545454545
Gribier with pagerank: 0.00422077922078
Anzelma with pagerank: 0.00415436835891
Magnon with pagerank: 0.00403103390116
BaronessT with pagerank: 0.0035836344107
Woman2 with pagerank: 0.00337349815959
Toussaint with pagerank: 0.00337349815959
MlleVaubois with pagerank: 0.00296846011132
Napoleon with pagerank: 0.00246753246753
CountessDeLo with pagerank: 0.00246753246753
Geborand with pagerank: 0.00246753246753
Champtercier with pagerank: 0.00246753246753
Cravatte with pagerank: 0.00246753246753
Count with pagerank: 0.00246753246753
OldMan with pagerank: 0.00246753246753
Marguerite with pagerank: 0.0024025974026
MotherPlutarch with pagerank: 0.00236127508855
Woman1 with pagerank: 0.00231092436975
Boulatruelle with pagerank: 0.00202922077922
Labarre with pagerank: 0.00162337662338
MmeDeR with pagerank: 0.00162337662338
Isabeau with pagerank: 0.00162337662338
Gervais with pagerank: 0.00162337662338
Scaufflaire with pagerank: 0.00162337662338
