Read time: 0.01 Processing time: 49.53 Number of iterations: 1000
NorthDakota with pagerank: 0.0108389450056
WeberState with pagerank: 0.0106802148469
Montana with pagerank: 0.0105016434183
SouthDakota with pagerank: 0.00973324514991
NorthwesternState with pagerank: 0.00908179012346
Florida with pagerank: 0.00865189594356
Iona with pagerank: 0.00864197530864
Richmond with pagerank: 0.00849096119929
Utah with pagerank: 0.00840608465608
Oklahoma with pagerank: 0.00822651114318
CentralArkansas with pagerank: 0.00819334215168
SacredHeart with pagerank: 0.00806778098445
SavannahState with pagerank: 0.00806327160494
TexasTech with pagerank: 0.0079487333654
Texas with pagerank: 0.00784171075838
SouthCarolinaState with pagerank: 0.00775022045855
GramblingState with pagerank: 0.00775022045855
JamesMadison with pagerank: 0.00768077601411
BryantUniversity with pagerank: 0.00767095558762
Liberty with pagerank: 0.00747244268078
Mississippi with pagerank: 0.00747134038801
TCU with pagerank: 0.00739648468815
Drake with pagerank: 0.00734898589065
Samford with pagerank: 0.00732814253648
USC with pagerank: 0.00728405082572
McNeeseState with pagerank: 0.0067934303351
Tennessee-Martin with pagerank: 0.00669642857143
OregonState with pagerank: 0.00665574394741
PrairieViewA&M with pagerank: 0.00659281305115
Tulsa with pagerank: 0.00658088824755
NewHampshire with pagerank: 0.00648919753086
SanDiego with pagerank: 0.00647597001764
AppalachianState with pagerank: 0.00647166105499
NorthernIowa with pagerank: 0.00619488536155
Villanova with pagerank: 0.00618055555556
Jacksonville with pagerank: 0.00614528218695
Butler with pagerank: 0.00611882716049
SacramentoState with pagerank: 0.00610229276896
TexasState with pagerank: 0.0060758377425
Alabama with pagerank: 0.00596671075838
VirginiaTech with pagerank: 0.00586750440917
Furman with pagerank: 0.00582351290685
Brown with pagerank: 0.00579475308642
BoiseState with pagerank: 0.00578823953824
Dayton with pagerank: 0.00568231922399
Cincinnati with pagerank: 0.00562720458554
PennState with pagerank: 0.00561618165785
Presbyterian with pagerank: 0.00556657848325
GeorgiaTech with pagerank: 0.00549382716049
WestVirginia with pagerank: 0.0053692680776
StephenF.Austin with pagerank: 0.00533509700176
Georgia with pagerank: 0.00524911816578
TexasSouthern with pagerank: 0.00521604938272
JacksonState with pagerank: 0.00511133156966
Harvard with pagerank: 0.00510030864198
BallState with pagerank: 0.005014329806
Pittsburgh with pagerank: 0.00499559082892
Albany with pagerank: 0.00498577040244
Iowa with pagerank: 0.00497244268078
OhioState with pagerank: 0.00492614638448
SouthernIllinois with pagerank: 0.0049184303351
Maine with pagerank: 0.00489969135802
NorthernArizona with pagerank: 0.00487333654
Missouri with pagerank: 0.00478615520282
Colgate with pagerank: 0.00475308641975
MurrayState with pagerank: 0.00474537037037
EastCarolina with pagerank: 0.00473655202822
FloridaA&M with pagerank: 0.00471781305115
BostonCollege with pagerank: 0.00467151675485
Delaware with pagerank: 0.00466820987654
NorthCarolina with pagerank: 0.00463734567901
Davidson with pagerank: 0.00461419753086
Gardner-Webb with pagerank: 0.00460207231041
Oregon with pagerank: 0.00453383036716
BrighamYoung with pagerank: 0.00450947971781
NorfolkState with pagerank: 0.00448302469136
Wofford with pagerank: 0.00448092031425
California with pagerank: 0.00447981802148
CharlestonSouthern with pagerank: 0.00445877425044
Northwestern with pagerank: 0.00444775132275
Lafayette with pagerank: 0.00440917107584
SamHoustonState with pagerank: 0.00435956790123
MichiganState with pagerank: 0.00435956790123
TennesseeState with pagerank: 0.00435846560847
SoutheastMissouriState with pagerank: 0.00432098765432
FloridaState with pagerank: 0.00430234888568
Nevada with pagerank: 0.00430114638448
Buffalo with pagerank: 0.00428461199295
WakeForest with pagerank: 0.00427028218695
Rice with pagerank: 0.00425394821228
LSU with pagerank: 0.00422188151355
Nebraska with pagerank: 0.00421186067019
MontanaState with pagerank: 0.0041987333654
Houston with pagerank: 0.00417558521725
PortlandState with pagerank: 0.00417227833895
EasternKentucky with pagerank: 0.00415013227513
VirginiaMilitaryInstitute with pagerank: 0.0041491301908
OklahomaState with pagerank: 0.00413259579926
Maryland with pagerank: 0.00409281305115
Kansas with pagerank: 0.00409171075838
Vanderbilt with pagerank: 0.00408509700176
Monmouth with pagerank: 0.00408299262466
EasternWashington with pagerank: 0.00403338945006
Rutgers with pagerank: 0.0039880952381
SouthFlorida with pagerank: 0.00396053791887
HolyCross with pagerank: 0.00394290123457
SouthCarolina with pagerank: 0.00392967372134
Massachusetts with pagerank: 0.00390432098765
MoreheadState with pagerank: 0.00389780743947
TennesseeTech with pagerank: 0.00389660493827
Connecticut with pagerank: 0.00389109347443
CentralConnecticutState with pagerank: 0.00378537357704
Arkansas-PineBluff with pagerank: 0.00378086419753
Valparaiso with pagerank: 0.00376102292769
Arizona with pagerank: 0.00374348645182
Clemson with pagerank: 0.00374118165785
AlabamaState with pagerank: 0.00371141975309
NorthCarolinaA&T with pagerank: 0.00371141975309
CalPoly with pagerank: 0.00369608786275
Elon with pagerank: 0.00369388327722
WesternCarolina with pagerank: 0.00368616722783
Navy with pagerank: 0.00363876863877
CentralMichigan with pagerank: 0.00362103174603
Wisconsin with pagerank: 0.00361000881834
Virginia with pagerank: 0.00359567901235
WesternIllinois with pagerank: 0.0035758377425
Miami(FL) with pagerank: 0.00355268959436
WesternMichigan with pagerank: 0.00351300705467
NorthCarolinaState with pagerank: 0.0034799382716
JacksonvilleState with pagerank: 0.00341059403559
AirForce with pagerank: 0.00340167548501
Bethune-Cookman with pagerank: 0.00340167548501
Yale with pagerank: 0.00336419753086
Troy with pagerank: 0.00329926246593
SouthernUtah with pagerank: 0.00329475308642
SouthernMiss with pagerank: 0.00329264870932
LouisianaTech with pagerank: 0.0032705026455
William&Mary with pagerank: 0.0032705026455
Minnesota with pagerank: 0.00323963844797
NorthDakotaState with pagerank: 0.00321318342152
ColoradoState with pagerank: 0.00315917107584
DelawareState with pagerank: 0.00314373897707
Duke with pagerank: 0.00311287477954
SouthDakotaState with pagerank: 0.00308972663139
Arkansas with pagerank: 0.00308972663139
Campbell with pagerank: 0.00308641975309
Chattanooga with pagerank: 0.00308641975309
Kentucky with pagerank: 0.00307649911817
MorganState with pagerank: 0.00302799823633
StonyBrook with pagerank: 0.0029971340388
FloridaAtlantic with pagerank: 0.0029487333654
Hampton with pagerank: 0.00291225749559
Pennsylvania with pagerank: 0.0029012345679
FresnoState with pagerank: 0.00287808641975
SoutheasternLouisiana with pagerank: 0.0028549382716
Lehigh with pagerank: 0.00283179012346
NotreDame with pagerank: 0.00282297178131
NichollsState with pagerank: 0.00278880070547
Hawaii with pagerank: 0.00276795735129
BowlingGreen with pagerank: 0.00275022045855
NorthCarolinaCentral with pagerank: 0.00275022045855
Colorado with pagerank: 0.00269620811287
CoastalCarolina with pagerank: 0.00268849206349
SouthernUniversity with pagerank: 0.00263117283951
YoungstownState with pagerank: 0.00257716049383
Memphis with pagerank: 0.00257505611672
Auburn with pagerank: 0.00255731922399
AlabamaA&M with pagerank: 0.00251543209877
Louisiana-Lafayette with pagerank: 0.00251222542889
Stanford with pagerank: 0.00250561167228
Illinois with pagerank: 0.00248015873016
ArkansasState with pagerank: 0.00246262225429
RobertMorris with pagerank: 0.00246262225429
UCDavis with pagerank: 0.0024217372134
Fordham with pagerank: 0.00240299823633
Bucknell with pagerank: 0.00237544091711
Louisville with pagerank: 0.00236331569665
GeorgiaSouthern with pagerank: 0.00235900673401
Tennessee with pagerank: 0.0023258377425
SanJoseState with pagerank: 0.00227513227513
Citadel with pagerank: 0.00225869809203
NorthernIllinois with pagerank: 0.00224537037037
UCF with pagerank: 0.00223114077281
Cornell with pagerank: 0.00220679012346
MiddleTennesseeState with pagerank: 0.00220468574635
KansasState with pagerank: 0.00220468574635
UTEP with pagerank: 0.00211209315376
ArizonaState with pagerank: 0.00209225188392
Marshall with pagerank: 0.00207120811287
RhodeIsland with pagerank: 0.00206790123457
FloridaInternational with pagerank: 0.00200737534071
Marist with pagerank: 0.00199965929133
UNLV with pagerank: 0.00198633156966
MississippiValleyState with pagerank: 0.00197861552028
MississippiState with pagerank: 0.00196208112875
Temple with pagerank: 0.00194775132275
EasternIllinois with pagerank: 0.00194003527337
Louisiana-Monroe with pagerank: 0.00191037357704
KentState with pagerank: 0.00190917107584
Akron with pagerank: 0.00189043209877
Wyoming with pagerank: 0.00188602292769
Princeton with pagerank: 0.00185956790123
Duquesne with pagerank: 0.00183431537598
Hofstra with pagerank: 0.00182098765432
NewMexico with pagerank: 0.00179783950617
Purdue with pagerank: 0.00175925925926
Baylor with pagerank: 0.00174172278339
Ohio with pagerank: 0.00172729276896
Indiana with pagerank: 0.00167768959436
TexasA&M with pagerank: 0.00163910934744
UAB with pagerank: 0.00162808641975
Winston-Salem with pagerank: 0.0016049382716
Army with pagerank: 0.00158950617284
UCLA with pagerank: 0.00158629950297
MissouriState with pagerank: 0.00158179012346
EasternMichigan with pagerank: 0.00155864197531
Michigan with pagerank: 0.00151234567901
Syracuse with pagerank: 0.00144620811287
NewMexicoState with pagerank: 0.00144620811287
Towson with pagerank: 0.0014274691358
WesternKentucky with pagerank: 0.00139991181658
NorthCarolinaPembroke with pagerank: 0.00139991181658
Miami(OH) with pagerank: 0.00132716049383
Wagner with pagerank: 0.00130521484688
UtahState with pagerank: 0.00129188712522
IllinoisState with pagerank: 0.00128417107584
IowaState with pagerank: 0.00121141975309
Toledo with pagerank: 0.0012037037037
Columbia with pagerank: 0.00104938271605
Northeastern with pagerank: 0.00101410934744
AustinPeay with pagerank: 0.00101410934744
SanDiegoState with pagerank: 0.000983245149912
Georgetown with pagerank: 0.000983245149912
AlcornState with pagerank: 0.00096450617284
WashingtonState with pagerank: 0.000936948853616
Tulane with pagerank: 0.000908389450056
Idaho with pagerank: 0.000869809203143
SouthernMethodist with pagerank: 0.000864197530864
Rhodes with pagerank: 0.000864197530864
Franklin with pagerank: 0.000864197530864
IdahoState with pagerank: 0.000771604938272
FayettevilleState with pagerank: 0.000705467372134
Washburn with pagerank: 0.000705467372134
Howard with pagerank: 0.000705467372134
Tuskegee with pagerank: 0.000705467372134
EdwardWaters with pagerank: 0.000705467372134
St.Francis(IL) with pagerank: 0.000655864197531
Stonehill with pagerank: 0.000655864197531
Marian with pagerank: 0.000655864197531
WesleyCollege with pagerank: 0.000655864197531
HendersonState with pagerank: 0.000617283950617
Arkansas-Monticello with pagerank: 0.000617283950617
BirminghamSouthern with pagerank: 0.000586419753086
NorthTexas with pagerank: 0.000586419753086
Methodist with pagerank: 0.000586419753086
NorthernColorado with pagerank: 0.000561167227834
UpperIowa with pagerank: 0.000308641975309
IndianaState with pagerank: 0.000308641975309
EastCentralOklahoma with pagerank: 0.000308641975309
SouthwestBaptist with pagerank: 0.000308641975309
Shorter with pagerank: 0.000308641975309
Lambuth with pagerank: 0.000308641975309
TexasA&M-Kingsville with pagerank: 0.000308641975309
WestGeorgia with pagerank: 0.000308641975309
Montana-Western with pagerank: 0.000308641975309
AdamsState with pagerank: 0.000308641975309
WesternOregon with pagerank: 0.000308641975309
TexasCollege with pagerank: 0.000308641975309
JohnsonSmith with pagerank: 0.000308641975309
VirginiaState with pagerank: 0.000308641975309
Assumption with pagerank: 0.000308641975309
MarsHill with pagerank: 0.000308641975309
AngeloState with pagerank: 0.000308641975309
NorthGreenville with pagerank: 0.000308641975309
SouthernVirginia with pagerank: 0.000308641975309
TexasA&M-Commerce with pagerank: 0.000308641975309
Langston with pagerank: 0.000308641975309
WebberInternational with pagerank: 0.000308641975309
St.Ambrose with pagerank: 0.000308641975309
HumboldtState with pagerank: 0.000308641975309
Washington with pagerank: 0.000308641975309
CentralState with pagerank: 0.000308641975309
Livingstone with pagerank: 0.000308641975309
BentleyCollege with pagerank: 0.000308641975309
Albion with pagerank: 0.000308641975309
SouthernConnecticutState with pagerank: 0.000308641975309
DelawareValley with pagerank: 0.000308641975309
St.Francis(PA) with pagerank: 0.000308641975309
St.CloudState with pagerank: 0.000308641975309
Stillman with pagerank: 0.000308641975309
BakerUniversity with pagerank: 0.000308641975309
CumberlandUniversity with pagerank: 0.000308641975309
Tusculum with pagerank: 0.000308641975309
Benedict with pagerank: 0.000308641975309
NewMexicoHighlands with pagerank: 0.000308641975309
GlenvilleState with pagerank: 0.000308641975309
Faulkner with pagerank: 0.000308641975309
Quincy with pagerank: 0.000308641975309
DeltaState with pagerank: 0.000308641975309
AzusaPacific with pagerank: 0.000308641975309
ConcordiaCollege with pagerank: 0.000308641975309
Merrimack with pagerank: 0.000308641975309
Wisconsin-LaCrosse with pagerank: 0.000308641975309
ConcordiaUniversity(WI) with pagerank: 0.000308641975309
SouthernOregon with pagerank: 0.000308641975309
WestChester with pagerank: 0.000308641975309
WilliamPenn with pagerank: 0.000308641975309
Lenoir-Rhyne with pagerank: 0.000308641975309
Shaw with pagerank: 0.000308641975309
DixieState with pagerank: 0.000308641975309
Dartmouth with pagerank: 0.000308641975309
Chowan with pagerank: 0.000308641975309
Culver-Stockton with pagerank: 0.000308641975309
WesternWashington with pagerank: 0.000308641975309
CentralMethodist with pagerank: 0.000308641975309
Pace with pagerank: 0.000308641975309
MissouriS&T with pagerank: 0.000308641975309
CentralWashington with pagerank: 0.000308641975309
Morehouse with pagerank: 0.000308641975309
SoutheasternOklahoma with pagerank: 0.000308641975309
Carthage with pagerank: 0.000308641975309
ClarkAtlanta with pagerank: 0.000308641975309
KentuckyWesleyan with pagerank: 0.000308641975309
Lincoln(MO) with pagerank: 0.000308641975309
