Read time: 0.0 Processing time: 1.93 Number of iterations: 1000
MD with pagerank: 0.0349019607843
GA with pagerank: 0.0341666666667
KY with pagerank: 0.0328921568627
MA with pagerank: 0.0319607843137
ID with pagerank: 0.02918767507
NH with pagerank: 0.0290196078431
TN with pagerank: 0.0281862745098
MO with pagerank: 0.0277170868347
SD with pagerank: 0.0275910364146
PA with pagerank: 0.0272549019608
VA with pagerank: 0.0260784313725
NY with pagerank: 0.0260784313725
CO with pagerank: 0.0247759103641
IA with pagerank: 0.0246778711485
WY with pagerank: 0.0237675070028
OR with pagerank: 0.023137254902
NV with pagerank: 0.023137254902
AR with pagerank: 0.0228921568627
TX with pagerank: 0.0210784313725
OH with pagerank: 0.020931372549
OK with pagerank: 0.0208543417367
AL with pagerank: 0.0203431372549
AZ with pagerank: 0.0193137254902
NC with pagerank: 0.0188725490196
WI with pagerank: 0.0183053221289
UT with pagerank: 0.0178851540616
CT with pagerank: 0.0178431372549
NB with pagerank: 0.0175350140056
NE with pagerank: 0.0175350140056
IL with pagerank: 0.0174719887955
MS with pagerank: 0.0174019607843
MN with pagerank: 0.0172969187675
IN with pagerank: 0.0171078431373
WV with pagerank: 0.0165196078431
MT with pagerank: 0.0158263305322
NM with pagerank: 0.0153641456583
KS with pagerank: 0.0152661064426
VT with pagerank: 0.0149019607843
CA with pagerank: 0.0143137254902
NJ with pagerank: 0.0143137254902
MI with pagerank: 0.0143137254902
DE with pagerank: 0.0137254901961
ND with pagerank: 0.0133053221289
LA with pagerank: 0.0128431372549
RI with pagerank: 0.0113725490196
FL with pagerank: 0.0093137254902
SC with pagerank: 0.0093137254902
WA with pagerank: 0.0093137254902
ME with pagerank: 0.0078431372549
DC with pagerank: 0.0078431372549
MV with pagerank: 0.00710784313725
