2.78881978331
2.77314075719
3.05956794511
3.72495826231
3.42988315273
2.19967889266
2.53343863526
3.60609176693
2.93350225577
4.08597006615
3.08129197836
2.9687776549
3.28703186827
2.62436744908
2.74165621962
4.22468944409
3.87813073922
3.10923041652
3.27289374617
3.25759561571
2.35466336194
3.06812945969
2.97357810833
3.6257517869
3.14414623806
2.85863404246
3.14916621574
2.96858732662
3.74602446469
3.42980785227
2.63030728793
3.16565673832
3.68098036282
2.75077532261
2.67374721468
3.37265714328
3.1749497088
2.23114058748
3.67699631717
3.59199727994
3.72378863797
2.7168056005
2.30571419452
2.66062754583
3.45923217243
3.31906343293
3.17475070765
3.82134807606
3.38396506483
3.46819825741
3.15713363777
3.23909979258
3.03619702699
2.68035831228
2.286304773
2.18620824738
2.81832156944
2.53379068959
2.35491020749
2.67942797698
3.42875425465
3.20394074059
2.65642840932
3.07886062704
2.87129239797
2.99071369967
2.92521256806
3.92704992329
2.0801256353
3.18380281467
3.18129385092
3.16279109922
3.39218323394
2.99018242625
4.30417092901
3.68895462256
3.29267377845
3.4301864808
3.03293357058
2.31810512371
3.02137006696
2.86275836117
3.4980545016
3.63672555848
2.68140225753
3.05515432639
2.57724312622
2.60397704726
2.65758871986
2.91263016333
3.07224338929
3.29794664953
3.99275332161
2.90052609975
2.85817891403
2.76021445653
2.70184072972
3.3097371869
3.56237445657
2.29347238873
Mean MAE: 3.082
Standard Deviation of MAE: 0.47777567278664945
