4.13070747827
4.13517728213
4.0632942346
4.05491960275
4.12539599886
4.10323311234
4.13332061011
4.1192845323
4.12964634493
4.09839223451
4.08250787293
4.0878800229
4.12920875708
4.11532086474
4.10462522987
4.08845799298
4.10557388029
4.13099605083
4.11425660461
4.08250749076
4.05347982723
4.11339104524
4.07918492547
4.11424959185
4.15682039532
4.16192464842
4.10572616344
4.05423404416
4.09594997893
4.17235391485
4.15909643731
4.16525542772
4.12035395288
4.12798527695
4.12173259113
4.10563730566
4.15408867635
4.04850809903
4.13097708651
4.05145221594
4.14258499497
4.09231190183
4.11650483364
4.04195427603
4.14303027948
4.06769764769
4.11923630806
4.11457484408
4.08694202029
4.12638427309
4.10493510487
4.08751788184
4.12995813171
4.09587390462
4.11206232559
4.09280767025
4.14207079484
4.11310823296
4.1517619676
4.10150149478
4.06800091729
4.07993055937
4.11584641866
4.17708469664
4.11833025841
4.12324353197
4.16966989211
4.11745513738
4.13201636757
4.1709786549
4.15232291246
4.14370984997
4.12427722726
4.09883774523
4.1606752003
4.14944088271
4.07177344974
4.1054766105
4.081640954
4.09269439787
4.09793987158
4.09436700923
4.14792679153
4.10233322455
4.11700301287
4.11059505879
4.12247797368
4.15384515027
4.11022750748
4.16253202364
4.16232756803
4.07553701119
4.12702802961
4.12022782075
4.11937132501
4.12479946612
4.1100306352
4.13327965937
4.07384762915
4.12775161184
Mean MAE: 4.115
Standard Deviation of MAE: 0.03078579298216311
