3.56069705423
3.58016102592
3.48561328929
3.55609247815
3.58994478682
3.60088698762
3.55356874084
3.51845152846
3.53573449377
3.56165448692
3.57906780478
3.56882439478
3.57636640232
3.54438628361
3.57537413378
3.56749143596
3.53391461085
3.56657294714
3.58705029564
3.59390279543
3.54309119683
3.58810796944
3.53604558594
3.57382880182
3.57375133156
3.57751343982
3.57253043993
3.59611935557
3.54628595882
3.58205929465
3.54258357736
3.57653293726
3.56690823553
3.54398416
3.59410115009
3.56932390272
3.54069592704
3.55330303815
3.5626722664
3.61296655155
3.5725740979
3.56571357928
3.58282472034
3.6180187779
3.54019682776
3.58497026591
3.50839542117
3.55198757575
3.52379499366
3.54871833651
3.59257909408
3.57589152182
3.49748440648
3.5492573433
3.56007265558
3.57132510211
3.52598898314
3.58358136094
3.59904066571
3.58042457178
3.568096543
3.57924899137
3.58126234296
3.5748057381
3.5907293987
3.5622853819
3.58277867683
3.55809039373
3.56812293608
3.54802907215
3.55688515436
3.54603902211
3.53792953488
3.58018123861
3.56186065396
3.5531360251
3.58281753433
3.52572572338
3.62026383379
3.57454811307
3.60785229221
3.53237871938
3.54700762682
3.57657934583
3.55310332177
3.60977402803
3.58358836234
3.5519428467
3.55316013307
3.54611964372
3.56475402888
3.58807434814
3.60061289989
3.54022672723
3.56863340098
3.56589705065
3.57606453841
3.56984234505
3.55346280559
3.57311883518
Mean MAE: 3.565
Standard Deviation of MAE: 0.024610628552774773
